<?xml version="1.0" encoding="UTF-8"?>
<!-- Generated by org.testng.reporters.JUnitReportReporter -->
<testsuite hostname="W10LN-2TJ6BC3" failures="0" tests="1" name="com.wac.cwp.testcases.MakePaymentTestCases" time="0.000" errors="0" timestamp="2022-06-03T14:06:28 EDT" skipped="1">
  <testcase classname="com.wac.cwp.testcases.MakePaymentTestCases" name="verifyPaymentAmount_143" time="0.000">
    <skipped/>
  </testcase> <!-- verifyPaymentAmount_143 -->
  <system-out/>
</testsuite> <!-- com.wac.cwp.testcases.MakePaymentTestCases -->
