<?xml version="1.0" encoding="UTF-8"?>
<!-- Generated by org.testng.reporters.JUnitReportReporter -->
<testsuite hostname="W10LN-2TJ6BC3" failures="0" tests="1" name="com.wac.cwp.testcases.LoanDetailsPageTestCase" time="0.000" errors="0" timestamp="2022-06-06T22:37:25 EDT" skipped="1">
  <testcase classname="com.wac.cwp.testcases.LoanDetailsPageTestCase" name="verifyRecurringInfo_146" time="0.000">
    <skipped/>
  </testcase> <!-- verifyRecurringInfo_146 -->
  <system-out/>
</testsuite> <!-- com.wac.cwp.testcases.LoanDetailsPageTestCase -->
